<?xml version="1.0" encoding="UTF-8"?>
<!-- Generated by org.testng.reporters.JUnitReportReporter -->
<testsuite hostname="C02SQ3REGTFL" failures="0" tests="10" name="StarTribune.Test.Class.BasicTest" time="562.927" errors="0" timestamp="22 Apr 2021 18:23:28 GMT" skipped="0">
  <testcase classname="StarTribune.Test.Class.BasicTest" name="verifySportsMenuLink" time="52.682"/>
  <testcase classname="StarTribune.Test.Class.BasicTest" name="verifyHousingMenuLink" time="52.440"/>
  <testcase classname="StarTribune.Test.Class.BasicTest" name="validateStarTribuneLogo" time="47.933"/>
  <testcase classname="StarTribune.Test.Class.BasicTest" name="verifyOpinionMenuLink" time="58.944"/>
  <testcase classname="StarTribune.Test.Class.BasicTest" name="verifyAutosMenuLink" time="63.716"/>
  <testcase classname="StarTribune.Test.Class.BasicTest" name="verifyObituariesMenuLink" time="50.395"/>
  <testcase classname="StarTribune.Test.Class.BasicTest" name="verifyBusinessMenuLink" time="55.370"/>
  <testcase classname="StarTribune.Test.Class.BasicTest" name="verifyClassifiedsMenuLink" time="74.541"/>
  <testcase classname="StarTribune.Test.Class.BasicTest" name="verifyJobsMenuLink" time="55.599"/>
  <testcase classname="StarTribune.Test.Class.BasicTest" name="verifyVarietyMenuLink" time="51.307"/>
</testsuite> <!-- StarTribune.Test.Class.BasicTest -->
